d:\学习资料\大二\专业实训\专业实训_第六组\informant\informant\release\informant.pch
d:\学习资料\大二\专业实训\专业实训_第六组\informant\informant\release\vc140.pdb
d:\学习资料\大二\专业实训\专业实训_第六组\informant\informant\release\stdafx.obj
d:\学习资料\大二\专业实训\专业实训_第六组\informant\informant\release\timeinfodlg.obj
d:\学习资料\大二\专业实训\专业实训_第六组\informant\informant\release\reminddlg.obj
d:\学习资料\大二\专业实训\专业实训_第六组\informant\informant\release\notedlg.obj
d:\学习资料\大二\专业实训\专业实训_第六组\informant\informant\release\logindlg.obj
d:\学习资料\大二\专业实训\专业实训_第六组\informant\informant\release\informantdlg.obj
d:\学习资料\大二\专业实训\专业实训_第六组\informant\informant\release\informant.obj
d:\学习资料\大二\专业实训\专业实训_第六组\informant\informant\release\fesinfo.obj
d:\学习资料\大二\专业实训\专业实训_第六组\informant\informant\release\diarydlg.obj
d:\学习资料\大二\专业实训\专业实训_第六组\informant\informant\release\dateinfo.obj
d:\学习资料\大二\专业实训\专业实训_第六组\informant\informant\release\database.obj
d:\学习资料\大二\专业实训\专业实训_第六组\informant\informant\release\cwmpplayer4.obj
d:\学习资料\大二\专业实训\专业实训_第六组\informant\informant\release\aboutdlg.obj
d:\学习资料\大二\专业实训\专业实训_第六组\informant\release\informant.exe
d:\学习资料\大二\专业实训\专业实训_第六组\informant\release\informant.ipdb
d:\学习资料\大二\专业实训\专业实训_第六组\informant\release\informant.iobj
d:\学习资料\大二\专业实训\专业实训_第六组\informant\release\informant.pdb
d:\学习资料\大二\专业实训\专业实训_第六组\informant\informant\release\informant.res
d:\学习资料\大二\专业实训\专业实训_第六组\informant\informant\release\msado15.tli
d:\学习资料\大二\专业实训\专业实训_第六组\informant\informant\release\msado15.tlh
d:\学习资料\大二\专业实训\专业实训_第六组\informant\informant\release\informant.tlog\cl.command.1.tlog
d:\学习资料\大二\专业实训\专业实训_第六组\informant\informant\release\informant.tlog\cl.read.1.tlog
d:\学习资料\大二\专业实训\专业实训_第六组\informant\informant\release\informant.tlog\cl.write.1.tlog
d:\学习资料\大二\专业实训\专业实训_第六组\informant\informant\release\informant.tlog\link.command.1.tlog
d:\学习资料\大二\专业实训\专业实训_第六组\informant\informant\release\informant.tlog\link.read.1.tlog
d:\学习资料\大二\专业实训\专业实训_第六组\informant\informant\release\informant.tlog\link.write.1.tlog
d:\学习资料\大二\专业实训\专业实训_第六组\informant\informant\release\informant.tlog\rc.command.1.tlog
d:\学习资料\大二\专业实训\专业实训_第六组\informant\informant\release\informant.tlog\rc.read.1.tlog
d:\学习资料\大二\专业实训\专业实训_第六组\informant\informant\release\informant.tlog\rc.write.1.tlog
